==========================================
MACE CUDA test RTX  |  SLURM 8761627
Node: a1128u05n01.mghpcc.ycrc.yale.edu
GPU: NVIDIA RTX 5000 Ada Generation, 32760 MiB
Date: 2026-04-18T14:45:45Z
==========================================

=== Env verification ===
torch: 2.5.1+cu121 | cuda_avail: True
openmm: 8.5.1
  Platform 0: Reference (speed 1.0)
  Platform 1: CPU (speed 10.0)
  Platform 2: CUDA (speed 100.0)
  Platform 3: OpenCL (speed 50.0)

=== Running MACE CUDA test on crambin vacuum ===
[2026-04-18T14:45:51Z] OpenMM 8.5.1
[2026-04-18T14:45:51Z] PyTorch 2.5.1+cu121
[2026-04-18T14:45:51Z] CUDA available (torch): True
[2026-04-18T14:45:51Z]   GPU: NVIDIA RTX 5000 Ada Generation
[2026-04-18T14:45:51Z]   Capability: (8, 9)
[2026-04-18T14:45:51Z] Platforms registered in OpenMM:
[2026-04-18T14:45:51Z]   [0] Reference speed=1.0
[2026-04-18T14:45:51Z]   [1] CPU speed=10.0
[2026-04-18T14:45:51Z]   [2] CUDA speed=100.0
[2026-04-18T14:45:51Z]   [3] OpenCL speed=50.0
[2026-04-18T14:45:51Z] Loading /home/rag88/projects/CompBioSummer2026/Execution/phases/phase-0/subphase-0.1/proteins/crambin.pdb
[2026-04-18T14:45:52Z] Topology: 642 atoms
cuequivariance or cuequivariance_torch is not available. Cuequivariance acceleration will be disabled.
Using MACE-OFF23 MODEL for MACECalculator with /home/rag88/.cache/mace/MACE-OFF24_medium.model
[2026-04-18T14:46:01Z] MACE system built in 8.9s
[2026-04-18T14:46:01Z] Platform CUDA FAILED: OpenMMException: Error loading CUDA module: CUDA_ERROR_UNSUPPORTED_PTX_VERSION (222)
[2026-04-18T14:46:03Z] Platform OpenCL ACTIVE: probe step in 1054.6ms, PE=-272079.7
[2026-04-18T14:46:03Z] Minimizing energy (max 2000 iter)...
[2026-04-18T14:48:40Z] Minimization: 156.3s, PE = -281987.4 kJ/mol
[2026-04-18T14:48:41Z] Running NVT: 10.0 ps (10000 steps) on OpenCL...
