==========================================
MACE CUDA test H200  |  SLURM 8772124
Node: a1126u11n01.mghpcc.ycrc.yale.edu
GPU: NVIDIA H200, 143771 MiB
Date: 2026-04-18T15:43:53Z
==========================================

=== Env verification ===
torch: 2.5.1+cu121 | cuda_avail: True
openmm: 8.4
  Platform 0: Reference (speed 1.0)
  Platform 1: CPU (speed 10.0)
  Platform 2: CUDA (speed 100.0)
  Platform 3: OpenCL (speed 50.0)

=== Running MACE CUDA test on H200 ===
[2026-04-18T15:43:59Z] OpenMM 8.4
[2026-04-18T15:43:59Z] PyTorch 2.5.1+cu121
[2026-04-18T15:43:59Z] CUDA available (torch): True
[2026-04-18T15:43:59Z]   GPU: NVIDIA H200
[2026-04-18T15:43:59Z]   Capability: (9, 0)
[2026-04-18T15:43:59Z] Platforms registered in OpenMM:
[2026-04-18T15:43:59Z]   [0] Reference speed=1.0
[2026-04-18T15:43:59Z]   [1] CPU speed=10.0
[2026-04-18T15:43:59Z]   [2] CUDA speed=100.0
[2026-04-18T15:43:59Z]   [3] OpenCL speed=50.0
[2026-04-18T15:43:59Z] Loading /home/rag88/projects/CompBioSummer2026/Execution/phases/phase-0/subphase-0.1/proteins/crambin.pdb
[2026-04-18T15:44:01Z] Topology: 642 atoms
[2026-04-18T15:44:01Z] FATAL: No module named 'openmmtorch'
[2026-04-18T15:44:01Z] Traceback (most recent call last):
  File "/home/rag88/projects/CompBioSummer2026/Execution/phases/phase-1/subphase-1.1/output/scripts/mace_cuda_crambin.py", line 108, in main
    system = potential.createSystem(modeller.topology)
  File "/home/rag88/.conda/envs/env-mace-cuda/lib/python3.10/site-packages/openmmml/mlpotential.py", line 189, in createSystem
    self._impl.addForces(topology, system, None, 0, **args)
  File "/home/rag88/.conda/envs/env-mace-cuda/lib/python3.10/site-packages/openmmml/models/macepotential.py", line 135, in addForces
    import openmmtorch
ModuleNotFoundError: No module named 'openmmtorch'


==========================================
Exit: 1
Completed: 2026-04-18T15:44:01Z
==========================================
