==========================================
CUDA interop probe  |  SLURM 8837310  |  MODE=fixA
Node: a1128u08n01.mghpcc.ycrc.yale.edu
GPU: NVIDIA RTX 5000 Ada Generation, 32760 MiB
Date: 2026-04-18T19:25:51Z
==========================================
[2026-04-18T19:25:52Z] MODE: fixa
[2026-04-18T19:25:52Z] Torch 2.5.1+cu121, OpenMM 8.5.1
[2026-04-18T19:25:52Z] CUDA_VISIBLE_DEVICES=0
[2026-04-18T19:25:52Z] torch.cuda.is_available(): True
[2026-04-18T19:25:52Z] torch.cuda.set_device(0) -> current_device=0, name=NVIDIA RTX 5000 Ada Generation
[2026-04-18T19:25:52Z] Loading PDB /home/rag88/projects/CompBioSummer2026/Execution/phases/phase-0/subphase-0.1/proteins/crambin.pdb
[2026-04-18T19:25:53Z] Topology: 642 atoms (vacuum)
[2026-04-18T19:25:54Z] MM system built: 5 forces
cuequivariance or cuequivariance_torch is not available. Cuequivariance acceleration will be disabled.
Using MACE-OFF23 MODEL for MACECalculator with /home/rag88/.cache/mace/MACE-OFF24_medium.model
[2026-04-18T19:25:56Z] Hybrid system built in 2.9s: 642 particles, 6 forces
[2026-04-18T19:25:56Z] torch.cuda.synchronize() after hybrid build OK
[2026-04-18T19:25:57Z] Simulation (CUDA, hybrid) created OK
[2026-04-18T19:25:58Z] Probe getState(getEnergy): 903.0 ms, PE=-268831.9 kJ/mol
[2026-04-18T19:25:59Z] Probe step(1) in 824.5 ms
[2026-04-18T19:25:59Z] Entering minimizeEnergy(maxIterations=10) — this is where SubJ crashed
[2026-04-18T19:26:27Z] minimizeEnergy(10 iter): 28.25 s — NO CRASH!
[2026-04-18T19:26:27Z] FATAL: OpenMMException: The following operation failed in the TorchScript interpreter.
Traceback of TorchScript (most recent call last):
RuntimeError: The following operation failed in the TorchScript interpreter.
Traceback of TorchScript (most recent call last):
RuntimeError: CUDA driver error: invalid resource handle


[2026-04-18T19:26:27Z] Traceback (most recent call last):
  File "/home/rag88/projects/CompBioSummer2026/Execution/phases/phase-1/subphase-1.1/output/scripts/cuda_interop_probe.py", line 211, in main
    state = sim.context.getState(getEnergy=True)
  File "/home/rag88/.conda/envs/env-mace-cuda/lib/python3.10/site-packages/openmm/openmm.py", line 6157, in getState
    state = _openmm.Context_getState(self, types, enforcePeriodicBox, groups_mask)
openmm.OpenMMException: The following operation failed in the TorchScript interpreter.
Traceback of TorchScript (most recent call last):
RuntimeError: The following operation failed in the TorchScript interpreter.
Traceback of TorchScript (most recent call last):
RuntimeError: CUDA driver error: invalid resource handle




==========================================
Exit: 1
Completed: 2026-04-18T19:26:28Z
==========================================
