==========================================
MACE CUDA bench  |  MODE=vacuum  |  SLURM 8837567
Node: a1128u05n01.mghpcc.ycrc.yale.edu
GPU: NVIDIA RTX 5000 Ada Generation, 32760 MiB
Date: 2026-04-18T19:28:49Z
==========================================
[2026-04-18T19:28:53Z] Fix A: torch.cuda.set_device(0) -> NVIDIA RTX 5000 Ada Generation
[2026-04-18T19:28:53Z] Fix B: _computeMACE now wraps torch.cuda.synchronize()
[2026-04-18T19:28:53Z] Mode: vacuum
[2026-04-18T19:28:53Z] Loading /home/rag88/projects/CompBioSummer2026/Execution/phases/phase-0/subphase-0.1/proteins/crambin.pdb
[2026-04-18T19:28:54Z] Vacuum crambin topology: 642 atoms
cuequivariance or cuequivariance_torch is not available. Cuequivariance acceleration will be disabled.
Using MACE-OFF23 MODEL for MACECalculator with /home/rag88/.cache/mace/MACE-OFF24_medium.model
[2026-04-18T19:29:02Z] MACE system built in 7.4s: 2 forces
[2026-04-18T19:29:02Z] Minimizing (max 2000 iter, tol 10 kJ/mol/nm)...
[2026-04-18T19:29:04Z] Min: 1.3s, PE=-268708.7 kJ/mol, max|F|=6.78e+03 kJ/mol/nm
[2026-04-18T19:29:04Z] Production: 10.0 ps (10000 steps)...
[2026-04-18T19:30:36Z] FATAL: OpenMMException: The following operation failed in the TorchScript interpreter.
Traceback of TorchScript, serialized code (most recent call last):
  File "code/__torch__/torch/fx/graph_module/___torch_mangle_11.py", line 143, in forward
    reshape_34 = torch.reshape(einsum_23, [getitem_4, 896])
    _17 = [reshape_12, reshape_14, reshape_17, reshape_20, reshape_22, reshape_25, reshape_27, reshape_29, reshape_32, reshape_34]
    cat = torch.cat(_17, 1)
          ~~~~~~~~~ <--- HERE
    return torch.reshape(cat, add_3)

Traceback of TorchScript, original code (most recent call last):
  File "<eval_with_key>.127", line 115, in forward
    einsum_23 = torch.functional.einsum('dbca,dbc->dba', tensordot_3, reshape_33);  tensordot_3 = reshape_33 = None
    reshape_34 = einsum_23.reshape(getitem_4, 896);  einsum_23 = getitem_4 = None
    cat = torch.cat([reshape_12, reshape_14, reshape_17, reshape_20, reshape_22, reshape_25, reshape_27, reshape_29, reshape_32, reshape_34], dim = 1);  reshape_12 = reshape_14 = reshape_17 = reshape_20 = reshape_22 = reshape_25 = reshape_27 = reshape_29 = reshape_32 = reshape_34 = None
          ~~~~~~~~~ <--- HERE
    reshape_35 = cat.reshape(add_3);  cat = add_3 = None
    return reshape_35
RuntimeError: CUDA error: an illegal memory access was encountered
CUDA kernel errors might be asynchronously reported at some other API call, so the stacktrace below might be incorrect.
For debugging consider passing CUDA_LAUNCH_BLOCKING=1
Compile with `TORCH_USE_CUDA_DSA` to enable device-side assertions.


[2026-04-18T19:30:36Z] Traceback (most recent call last):
  File "/home/rag88/projects/CompBioSummer2026/Execution/phases/phase-1/subphase-1.1/output/scripts/mace_cuda_bench.py", line 365, in main
    run_result = run_benchmark(modeller, system,
  File "/home/rag88/projects/CompBioSummer2026/Execution/phases/phase-1/subphase-1.1/output/scripts/mace_cuda_bench.py", line 303, in run_benchmark
    sim.step(prod_steps)
  File "/home/rag88/.conda/envs/env-mace-cuda/lib/python3.10/site-packages/openmm/app/simulation.py", line 149, in step
    self._simulate(endStep=self.currentStep+steps)
  File "/home/rag88/.conda/envs/env-mace-cuda/lib/python3.10/site-packages/openmm/app/simulation.py", line 228, in _simulate
    self.integrator.step(10) # Only take 10 steps at a time, to give Python more chances to respond to a control-c.
  File "/home/rag88/.conda/envs/env-mace-cuda/lib/python3.10/site-packages/openmm/openmm.py", line 16460, in step
    return _openmm.LangevinMiddleIntegrator_step(self, steps)
openmm.OpenMMException: The following operation failed in the TorchScript interpreter.
Traceback of TorchScript, serialized code (most recent call last):
  File "code/__torch__/torch/fx/graph_module/___torch_mangle_11.py", line 143, in forward
    reshape_34 = torch.reshape(einsum_23, [getitem_4, 896])
    _17 = [reshape_12, reshape_14, reshape_17, reshape_20, reshape_22, reshape_25, reshape_27, reshape_29, reshape_32, reshape_34]
    cat = torch.cat(_17, 1)
          ~~~~~~~~~ <--- HERE
    return torch.reshape(cat, add_3)

Traceback of TorchScript, original code (most recent call last):
  File "<eval_with_key>.127", line 115, in forward
    einsum_23 = torch.functional.einsum('dbca,dbc->dba', tensordot_3, reshape_33);  tensordot_3 = reshape_33 = None
    reshape_34 = einsum_23.reshape(getitem_4, 896);  einsum_23 = getitem_4 = None
    cat = torch.cat([reshape_12, reshape_14, reshape_17, reshape_20, reshape_22, reshape_25, reshape_27, reshape_29, reshape_32, reshape_34], dim = 1);  reshape_12 = reshape_14 = reshape_17 = reshape_20 = reshape_22 = reshape_25 = reshape_27 = reshape_29 = reshape_32 = reshape_34 = None
          ~~~~~~~~~ <--- HERE
    reshape_35 = cat.reshape(add_3);  cat = add_3 = None
    return reshape_35
RuntimeError: CUDA error: an illegal memory access was encountered
CUDA kernel errors might be asynchronously reported at some other API call, so the stacktrace below might be incorrect.
For debugging consider passing CUDA_LAUNCH_BLOCKING=1
Compile with `TORCH_USE_CUDA_DSA` to enable device-side assertions.




==========================================
Exit: 1
Completed: 2026-04-18T19:30:36Z
==========================================
