==========================================
MACE CUDA bench  |  MODE=hybrid  |  SLURM 8838683
Node: a1128u08n01.mghpcc.ycrc.yale.edu
GPU: NVIDIA RTX 5000 Ada Generation, 32760 MiB
Date: 2026-04-18T19:45:51Z
==========================================
[2026-04-18T19:45:53Z] Fix A: torch.cuda.set_device(0) -> NVIDIA RTX 5000 Ada Generation
[2026-04-18T19:45:53Z] Fix B: _computeMACE now wraps torch.cuda.synchronize()
[2026-04-18T19:45:53Z] Mode: hybrid
[2026-04-18T19:45:53Z] Loading /home/rag88/projects/CompBioSummer2026/Execution/phases/phase-0/subphase-0.1/proteins/ww.pdb
[2026-04-18T19:45:53Z] After WW extraction: 274 atoms, 33 residues
[2026-04-18T19:45:53Z] Running PDBFixer...
[2026-04-18T19:45:55Z] Adding TIP3P-FB solvent...
[2026-04-18T19:45:55Z] After solvation: 7496 atoms (protein=534, water+ions=6962)
[2026-04-18T19:45:55Z] Building classical AMBER14+TIP3P-FB MM system...
[2026-04-18T19:45:56Z] Creating hybrid MACE system (protein 534 / total 7496)...
cuequivariance or cuequivariance_torch is not available. Cuequivariance acceleration will be disabled.
Using MACE-OFF23 MODEL for MACECalculator with /home/rag88/.cache/mace/MACE-OFF24_medium.model
[2026-04-18T19:45:59Z] Hybrid system built in 3.1s, 6 forces
[2026-04-18T19:46:00Z] Minimizing (max 2000 iter, tol 10 kJ/mol/nm)...
[2026-04-18T19:46:46Z] FATAL: OpenMMException: The following operation failed in the TorchScript interpreter.
Traceback of TorchScript (most recent call last):
RuntimeError: The following operation failed in the TorchScript interpreter.
Traceback of TorchScript (most recent call last):
RuntimeError: CUDA driver error: invalid resource handle


[2026-04-18T19:46:46Z] Traceback (most recent call last):
  File "/home/rag88/projects/CompBioSummer2026/Execution/phases/phase-1/subphase-1.1/output/scripts/mace_cuda_bench.py", line 375, in main
    run_result = run_benchmark(modeller, hybrid_system,
  File "/home/rag88/projects/CompBioSummer2026/Execution/phases/phase-1/subphase-1.1/output/scripts/mace_cuda_bench.py", line 259, in run_benchmark
    state = sim.context.getState(getEnergy=True, getForces=True)
  File "/home/rag88/.conda/envs/env-mace-cuda/lib/python3.10/site-packages/openmm/openmm.py", line 6157, in getState
    state = _openmm.Context_getState(self, types, enforcePeriodicBox, groups_mask)
openmm.OpenMMException: The following operation failed in the TorchScript interpreter.
Traceback of TorchScript (most recent call last):
RuntimeError: The following operation failed in the TorchScript interpreter.
Traceback of TorchScript (most recent call last):
RuntimeError: CUDA driver error: invalid resource handle




==========================================
Exit: 1
Completed: 2026-04-18T19:46:47Z
==========================================
