============================================================
BioEmu Disulfide Bond Test (Task 004)
  Job ID:    8352672
  Node:      a1128u05n01.mghpcc.ycrc.yale.edu
  Start:     2026-04-15T21:19:37Z
  Partition:  gpu_devel
  GPUs:       1
============================================================
Wed Apr 15 17:19:37 2026       
+-----------------------------------------------------------------------------------------+
| NVIDIA-SMI 570.195.03             Driver Version: 570.195.03     CUDA Version: 12.8     |
|-----------------------------------------+------------------------+----------------------+
| GPU  Name                 Persistence-M | Bus-Id          Disp.A | Volatile Uncorr. ECC |
| Fan  Temp   Perf          Pwr:Usage/Cap |           Memory-Usage | GPU-Util  Compute M. |
|                                         |                        |               MIG M. |
|=========================================+========================+======================|
|   0  NVIDIA RTX 5000 Ada Gene...    On  |   00000000:BD:00.0 Off |                  Off |
| 30%   35C    P8             16W /  250W |       2MiB /  32760MiB |      0%      Default |
|                                         |                        |                  N/A |
+-----------------------------------------+------------------------+----------------------+
                                                                                         
+-----------------------------------------------------------------------------------------+
| Processes:                                                                              |
|  GPU   GI   CI              PID   Type   Process name                        GPU Memory |
|        ID   ID                                                               Usage      |
|=========================================================================================|
|  No running processes found                                                             |
+-----------------------------------------------------------------------------------------+

Environment check:
Python 3.10.20
  bioemu: 1.3.1
  torch: 2.7.1+cu128
  CUDA available: True
  mdtraj: 1.10.3

2026-04-15 17:19:45,567 [INFO] ========================================================================
2026-04-15 17:19:45,567 [INFO] BioEmu Disulfide Bond Integrity Analysis
2026-04-15 17:19:45,567 [INFO]   Start time: 2026-04-15T21:19:45.567590+00:00
2026-04-15 17:19:45,567 [INFO] ========================================================================
2026-04-15 17:19:45,567 [INFO] BPTI: All cysteine positions verified.
2026-04-15 17:19:45,567 [INFO] HEWL: All cysteine positions verified.
2026-04-15 17:19:45,567 [INFO] 
========================================
2026-04-15 17:19:45,567 [INFO] PHASE 1: BPTI Conformation Generation
2026-04-15 17:19:45,567 [INFO] ========================================
2026-04-15 17:19:52,709 [INFO] Generating 100 BioEmu conformations for BPTI (57 residues)...
2026-04-15 17:19:52,709 [INFO]   Model: bioemu-v1.1
2026-04-15 17:19:52,709 [INFO]   Output: /home/rag88/projects/CompBioSummer2026/Execution/phases/phase-0/subphase-0.1/output/task-004-bpti
2026-04-15 17:19:52,733 [INFO]   GPU: NVIDIA RTX 5000 Ada Generation
