============================================================
BioEmu Disulfide Bond Test (Task 004)
  Job ID:    8366491
  Node:      a1128u08n01.mghpcc.ycrc.yale.edu
  Start:     2026-04-16T00:20:26Z
  Partition:  scavenge_gpu
  GPUs:       1
============================================================
Wed Apr 15 20:20:26 2026       
+-----------------------------------------------------------------------------------------+
| NVIDIA-SMI 570.195.03             Driver Version: 570.195.03     CUDA Version: 12.8     |
|-----------------------------------------+------------------------+----------------------+
| GPU  Name                 Persistence-M | Bus-Id          Disp.A | Volatile Uncorr. ECC |
| Fan  Temp   Perf          Pwr:Usage/Cap |           Memory-Usage | GPU-Util  Compute M. |
|                                         |                        |               MIG M. |
|=========================================+========================+======================|
|   0  NVIDIA RTX 5000 Ada Gene...    On  |   00000000:BD:00.0 Off |                  Off |
| 30%   35C    P8             18W /  250W |       2MiB /  32760MiB |      0%      Default |
|                                         |                        |                  N/A |
+-----------------------------------------+------------------------+----------------------+
                                                                                         
+-----------------------------------------------------------------------------------------+
| Processes:                                                                              |
|  GPU   GI   CI              PID   Type   Process name                        GPU Memory |
|        ID   ID                                                               Usage      |
|=========================================================================================|
|  No running processes found                                                             |
+-----------------------------------------------------------------------------------------+

Environment check:
Python 3.10.20
  bioemu: 1.3.1
  torch: 2.7.1+cu128
  CUDA available: True
  mdtraj: 1.10.3

2026-04-15 20:20:30,666 [INFO] ========================================================================
2026-04-15 20:20:30,666 [INFO] BioEmu Disulfide Bond Integrity Analysis
2026-04-15 20:20:30,666 [INFO]   Start time: 2026-04-16T00:20:30.666343+00:00
2026-04-15 20:20:30,666 [INFO] ========================================================================
2026-04-15 20:20:30,666 [INFO] BPTI: All cysteine positions verified.
2026-04-15 20:20:30,666 [INFO] HEWL: All cysteine positions verified.
2026-04-15 20:20:30,666 [INFO] 
========================================
2026-04-15 20:20:30,666 [INFO] PHASE 1: BPTI Conformation Generation
2026-04-15 20:20:30,666 [INFO] ========================================
2026-04-15 20:20:34,136 [INFO] Generating 100 BioEmu conformations for BPTI (57 residues)...
2026-04-15 20:20:34,136 [INFO]   Model: bioemu-v1.1
2026-04-15 20:20:34,136 [INFO]   Output: /home/rag88/projects/CompBioSummer2026/Execution/phases/phase-0/subphase-0.1/output/task-004-bpti
2026-04-15 20:20:34,160 [INFO]   GPU: NVIDIA RTX 5000 Ada Generation
2026-04-15 20:20:34,160 [INFO]   GPU memory: 33.8 GB
2026-04-15 20:20:34,248 [INFO] HTTP Request: HEAD https://huggingface.co/microsoft/bioemu/resolve/main/checkpoints/bioemu-v1.1/checkpoint.ckpt "HTTP/1.1 302 Found"
2026-04-15 20:20:34,248 [WARNING] Warning: You are sending unauthenticated requests to the HF Hub. Please set a HF_TOKEN to enable higher rate limits and faster downloads.
2026-04-15 20:20:34,279 [INFO] HTTP Request: HEAD https://huggingface.co/microsoft/bioemu/resolve/main/checkpoints/bioemu-v1.1/config.yaml "HTTP/1.1 307 Temporary Redirect"
2026-04-15 20:20:34,292 [INFO] HTTP Request: HEAD https://huggingface.co/api/resolve-cache/models/microsoft/bioemu/1fec9d4473a9da04f5e60026a70d7a93fb893e9e/checkpoints%2Fbioemu-v1.1%2Fconfig.yaml "HTTP/1.1 200 OK"
2026-04-15 20:20:34,526 [INFO] Data loaded from /home/rag88/sampling_so3_cache/cache_igso3_s0.020-2.330-1000_l2000_o2000-3.npz
2026-04-15 20:20:34,527 [INFO] Data loaded from /home/rag88/sampling_so3_cache/cache_uso3_s0.020-2.330-1000_o2000-3.npz
2026-04-15 20:20:34,528 [INFO] Data loaded from /home/rag88/sampling_so3_cache/cache_score-scaling_s0.020-2.330-1000_l2001_o2000-3.npz
2026-04-15 20:20:34,531 [INFO] Sampling 100 structures for sequence of length 57 residues...
2026-04-15 20:20:34,531 [INFO] Using batch size 30
2026-04-15 20:20:34,532 [INFO] Found 0 previous samples in /home/rag88/projects/CompBioSummer2026/Execution/phases/phase-0/subphase-0.1/output/task-004-bpti.
2026-04-15 20:20:34,533 [INFO] Sampling with seed=42 (base_seed=42)
