============================================================
BioEmu Disulfide Bond Test (Task 004)
  Job ID:    8350490
  Node:      a1128u44n01.mghpcc.ycrc.yale.edu
  Start:     2026-04-15T21:01:10Z
  Partition:  gpu_devel
  GPUs:       1
============================================================
Wed Apr 15 17:01:10 2026       
+-----------------------------------------------------------------------------------------+
| NVIDIA-SMI 570.195.03             Driver Version: 570.195.03     CUDA Version: 12.8     |
|-----------------------------------------+------------------------+----------------------+
| GPU  Name                 Persistence-M | Bus-Id          Disp.A | Volatile Uncorr. ECC |
| Fan  Temp   Perf          Pwr:Usage/Cap |           Memory-Usage | GPU-Util  Compute M. |
|                                         |                        |               MIG M. |
|=========================================+========================+======================|
|   0  NVIDIA RTX 5000 Ada Gene...    On  |   00000000:BD:00.0 Off |                  Off |
| 32%   51C    P8             16W /  250W |       2MiB /  32760MiB |      0%      Default |
|                                         |                        |                  N/A |
+-----------------------------------------+------------------------+----------------------+
                                                                                         
+-----------------------------------------------------------------------------------------+
| Processes:                                                                              |
|  GPU   GI   CI              PID   Type   Process name                        GPU Memory |
|        ID   ID                                                               Usage      |
|=========================================================================================|
|  No running processes found                                                             |
+-----------------------------------------------------------------------------------------+

Environment check:
Python 3.10.20
  bioemu: 1.3.1
  torch: 2.11.0+cu130
  CUDA available: False
  mdtraj: 1.10.3

2026-04-15 17:01:19,816 [INFO] ========================================================================
2026-04-15 17:01:19,816 [INFO] BioEmu Disulfide Bond Integrity Analysis
2026-04-15 17:01:19,816 [INFO]   Start time: 2026-04-15T21:01:19.816297+00:00
2026-04-15 17:01:19,816 [INFO] ========================================================================
2026-04-15 17:01:19,816 [INFO] BPTI: All cysteine positions verified.
2026-04-15 17:01:19,816 [INFO] HEWL: All cysteine positions verified.
2026-04-15 17:01:19,816 [INFO] 
========================================
2026-04-15 17:01:19,816 [INFO] PHASE 1: BPTI Conformation Generation
2026-04-15 17:01:19,816 [INFO] ========================================
2026-04-15 17:01:26,955 [INFO] Generating 100 BioEmu conformations for BPTI (57 residues)...
2026-04-15 17:01:26,955 [INFO]   Model: bioemu-v1.1
2026-04-15 17:01:26,955 [INFO]   Output: /home/rag88/projects/CompBioSummer2026/Execution/phases/phase-0/subphase-0.1/output/task-004-bpti
2026-04-15 17:01:26,955 [WARNING]   No GPU available! Running on CPU (will be slow).
2026-04-15 17:01:27,044 [INFO] HTTP Request: HEAD https://huggingface.co/microsoft/bioemu/resolve/main/checkpoints/bioemu-v1.1/checkpoint.ckpt "HTTP/1.1 302 Found"
2026-04-15 17:01:27,044 [WARNING] Warning: You are sending unauthenticated requests to the HF Hub. Please set a HF_TOKEN to enable higher rate limits and faster downloads.
2026-04-15 17:01:27,155 [INFO] HTTP Request: GET https://huggingface.co/api/models/microsoft/bioemu/xet-read-token/1fec9d4473a9da04f5e60026a70d7a93fb893e9e "HTTP/1.1 200 OK"
2026-04-15 17:01:29,813 [INFO] HTTP Request: HEAD https://huggingface.co/microsoft/bioemu/resolve/main/checkpoints/bioemu-v1.1/config.yaml "HTTP/1.1 307 Temporary Redirect"
2026-04-15 17:01:29,826 [INFO] HTTP Request: HEAD https://huggingface.co/api/resolve-cache/models/microsoft/bioemu/1fec9d4473a9da04f5e60026a70d7a93fb893e9e/checkpoints%2Fbioemu-v1.1%2Fconfig.yaml "HTTP/1.1 200 OK"
2026-04-15 17:01:29,848 [INFO] HTTP Request: GET https://huggingface.co/api/resolve-cache/models/microsoft/bioemu/1fec9d4473a9da04f5e60026a70d7a93fb893e9e/checkpoints%2Fbioemu-v1.1%2Fconfig.yaml "HTTP/1.1 200 OK"
2026-04-15 17:01:58,029 [INFO] Data saved to /home/rag88/sampling_so3_cache/cache_igso3_s0.020-2.330-1000_l2000_o2000-3.npz
2026-04-15 17:01:58,052 [INFO] Data saved to /home/rag88/sampling_so3_cache/cache_uso3_s0.020-2.330-1000_o2000-3.npz
2026-04-15 17:03:20,243 [INFO] Data saved to /home/rag88/sampling_so3_cache/cache_score-scaling_s0.020-2.330-1000_l2001_o2000-3.npz
2026-04-15 17:03:20,264 [INFO] Sampling 100 structures for sequence of length 57 residues...
2026-04-15 17:03:20,264 [INFO] Using batch size 30
2026-04-15 17:03:20,265 [INFO] Found 0 previous samples in /home/rag88/projects/CompBioSummer2026/Execution/phases/phase-0/subphase-0.1/output/task-004-bpti.
2026-04-15 17:03:20,266 [INFO] Sampling with seed=42 (base_seed=42)
2026-04-15 17:03:21,331 [ERROR] Sleeping for 7s. Reason: PENDING
2026-04-15 17:03:29,002 [ERROR] Sleeping for 8s. Reason: RUNNING
2026-04-15 17:03:37,693 [ERROR] Sleeping for 6s. Reason: RUNNING
2026-04-15 17:03:44,352 [ERROR] Sleeping for 5s. Reason: RUNNING
2026-04-15 17:03:49,993 [ERROR] Sleeping for 8s. Reason: RUNNING
