The following modules were not unloaded:
  (Use "module --force purge" to unload all):

  1) StdEnv
/home/rag88/.conda/envs/env-tahoex1/lib/python3.10/site-packages/llmfoundry/callbacks/env_logging_callback.py:10: UserWarning: pkg_resources is deprecated as an API. See https://setuptools.pypa.io/en/latest/pkg_resources.html. The pkg_resources package is slated for removal as early as 2025-11-30. Refrain from using this package or pin to Setuptools<81.
  import pkg_resources
Traceback (most recent call last):
  File "<stdin>", line 21, in <module>
  File "/home/rag88/.conda/envs/env-tahoex1/lib/python3.10/site-packages/torch/nn/modules/module.py", line 1736, in _wrapped_call_impl
    return self._call_impl(*args, **kwargs)
  File "/home/rag88/.conda/envs/env-tahoex1/lib/python3.10/site-packages/torch/nn/modules/module.py", line 1747, in _call_impl
    return forward_call(*args, **kwargs)
  File "/home/rag88/.conda/envs/env-tahoex1/lib/python3.10/site-packages/tahoe_x1/model/model.py", line 334, in forward
    output_dict = self.model(
  File "/home/rag88/.conda/envs/env-tahoex1/lib/python3.10/site-packages/torch/nn/modules/module.py", line 1736, in _wrapped_call_impl
    return self._call_impl(*args, **kwargs)
  File "/home/rag88/.conda/envs/env-tahoex1/lib/python3.10/site-packages/torch/nn/modules/module.py", line 1747, in _call_impl
    return forward_call(*args, **kwargs)
  File "/home/rag88/.conda/envs/env-tahoex1/lib/python3.10/site-packages/tahoe_x1/model/model.py", line 255, in forward
    transformer_output = self.transformer_generate(
  File "/home/rag88/.conda/envs/env-tahoex1/lib/python3.10/site-packages/tahoe_x1/model/model.py", line 205, in transformer_generate
    output = self.transformer_encoder(
  File "/home/rag88/.conda/envs/env-tahoex1/lib/python3.10/site-packages/torch/nn/modules/module.py", line 1736, in _wrapped_call_impl
    return self._call_impl(*args, **kwargs)
  File "/home/rag88/.conda/envs/env-tahoex1/lib/python3.10/site-packages/torch/nn/modules/module.py", line 1747, in _call_impl
    return forward_call(*args, **kwargs)
  File "/home/rag88/.conda/envs/env-tahoex1/lib/python3.10/site-packages/tahoe_x1/model/blocks.py", line 256, in forward
    flash_attn_padding_info = gen_flash_attn_padding_info(
  File "/home/rag88/.conda/envs/env-tahoex1/lib/python3.10/site-packages/llmfoundry/models/mpt/modeling_mpt.py", line 292, in gen_flash_attn_padding_info
    _, indices_q, cu_seqlens_q, max_seqlen_q = unpadding_function(
ValueError: too many values to unpack (expected 4)
Traceback (most recent call last):
  File "<stdin>", line 33, in <module>
  File "/home/rag88/.conda/envs/env-tahoex1/lib/python3.10/site-packages/torch/nn/modules/module.py", line 1736, in _wrapped_call_impl
    return self._call_impl(*args, **kwargs)
  File "/home/rag88/.conda/envs/env-tahoex1/lib/python3.10/site-packages/torch/nn/modules/module.py", line 1747, in _call_impl
    return forward_call(*args, **kwargs)
  File "/home/rag88/.conda/envs/env-tahoex1/lib/python3.10/site-packages/tahoe_x1/model/model.py", line 255, in forward
    transformer_output = self.transformer_generate(
  File "/home/rag88/.conda/envs/env-tahoex1/lib/python3.10/site-packages/tahoe_x1/model/model.py", line 205, in transformer_generate
    output = self.transformer_encoder(
  File "/home/rag88/.conda/envs/env-tahoex1/lib/python3.10/site-packages/torch/nn/modules/module.py", line 1736, in _wrapped_call_impl
    return self._call_impl(*args, **kwargs)
  File "/home/rag88/.conda/envs/env-tahoex1/lib/python3.10/site-packages/torch/nn/modules/module.py", line 1747, in _call_impl
    return forward_call(*args, **kwargs)
  File "/home/rag88/.conda/envs/env-tahoex1/lib/python3.10/site-packages/tahoe_x1/model/blocks.py", line 256, in forward
    flash_attn_padding_info = gen_flash_attn_padding_info(
  File "/home/rag88/.conda/envs/env-tahoex1/lib/python3.10/site-packages/llmfoundry/models/mpt/modeling_mpt.py", line 292, in gen_flash_attn_padding_info
    _, indices_q, cu_seqlens_q, max_seqlen_q = unpadding_function(
ValueError: too many values to unpack (expected 4)
Traceback (most recent call last):
  File "<stdin>", line 42, in <module>
  File "/home/rag88/.conda/envs/env-tahoex1/lib/python3.10/site-packages/torch/nn/modules/module.py", line 1736, in _wrapped_call_impl
    return self._call_impl(*args, **kwargs)
  File "/home/rag88/.conda/envs/env-tahoex1/lib/python3.10/site-packages/torch/nn/modules/module.py", line 1747, in _call_impl
    return forward_call(*args, **kwargs)
  File "/home/rag88/.conda/envs/env-tahoex1/lib/python3.10/site-packages/tahoe_x1/model/model.py", line 255, in forward
    transformer_output = self.transformer_generate(
  File "/home/rag88/.conda/envs/env-tahoex1/lib/python3.10/site-packages/tahoe_x1/model/model.py", line 205, in transformer_generate
    output = self.transformer_encoder(
  File "/home/rag88/.conda/envs/env-tahoex1/lib/python3.10/site-packages/torch/nn/modules/module.py", line 1736, in _wrapped_call_impl
    return self._call_impl(*args, **kwargs)
  File "/home/rag88/.conda/envs/env-tahoex1/lib/python3.10/site-packages/torch/nn/modules/module.py", line 1747, in _call_impl
    return forward_call(*args, **kwargs)
  File "/home/rag88/.conda/envs/env-tahoex1/lib/python3.10/site-packages/tahoe_x1/model/blocks.py", line 256, in forward
    flash_attn_padding_info = gen_flash_attn_padding_info(
  File "/home/rag88/.conda/envs/env-tahoex1/lib/python3.10/site-packages/llmfoundry/models/mpt/modeling_mpt.py", line 292, in gen_flash_attn_padding_info
    _, indices_q, cu_seqlens_q, max_seqlen_q = unpadding_function(
ValueError: too many values to unpack (expected 4)
