The following modules were not unloaded:
  (Use "module --force purge" to unload all):

  1) StdEnv
/home/rag88/.conda/envs/env-tahoex1/lib/python3.10/site-packages/llmfoundry/callbacks/env_logging_callback.py:10: UserWarning: pkg_resources is deprecated as an API. See https://setuptools.pypa.io/en/latest/pkg_resources.html. The pkg_resources package is slated for removal as early as 2025-11-30. Refrain from using this package or pin to Setuptools<81.
  import pkg_resources
Traceback (most recent call last):
  File "<stdin>", line 21, in <module>
  File "/home/rag88/.conda/envs/env-tahoex1/lib/python3.10/site-packages/torch/nn/modules/module.py", line 1736, in _wrapped_call_impl
    return self._call_impl(*args, **kwargs)
  File "/home/rag88/.conda/envs/env-tahoex1/lib/python3.10/site-packages/torch/nn/modules/module.py", line 1747, in _call_impl
    return forward_call(*args, **kwargs)
  File "/home/rag88/.conda/envs/env-tahoex1/lib/python3.10/site-packages/tahoe_x1/model/model.py", line 334, in forward
    output_dict = self.model(
  File "/home/rag88/.conda/envs/env-tahoex1/lib/python3.10/site-packages/torch/nn/modules/module.py", line 1736, in _wrapped_call_impl
    return self._call_impl(*args, **kwargs)
  File "/home/rag88/.conda/envs/env-tahoex1/lib/python3.10/site-packages/torch/nn/modules/module.py", line 1747, in _call_impl
    return forward_call(*args, **kwargs)
  File "/home/rag88/.conda/envs/env-tahoex1/lib/python3.10/site-packages/tahoe_x1/model/model.py", line 255, in forward
    transformer_output = self.transformer_generate(
  File "/home/rag88/.conda/envs/env-tahoex1/lib/python3.10/site-packages/tahoe_x1/model/model.py", line 205, in transformer_generate
    output = self.transformer_encoder(
  File "/home/rag88/.conda/envs/env-tahoex1/lib/python3.10/site-packages/torch/nn/modules/module.py", line 1736, in _wrapped_call_impl
    return self._call_impl(*args, **kwargs)
  File "/home/rag88/.conda/envs/env-tahoex1/lib/python3.10/site-packages/torch/nn/modules/module.py", line 1747, in _call_impl
    return forward_call(*args, **kwargs)
  File "/home/rag88/.conda/envs/env-tahoex1/lib/python3.10/site-packages/tahoe_x1/model/blocks.py", line 290, in forward
    total_embs = mod(
  File "/home/rag88/.conda/envs/env-tahoex1/lib/python3.10/site-packages/torch/nn/modules/module.py", line 1736, in _wrapped_call_impl
    return self._call_impl(*args, **kwargs)
  File "/home/rag88/.conda/envs/env-tahoex1/lib/python3.10/site-packages/torch/nn/modules/module.py", line 1747, in _call_impl
    return forward_call(*args, **kwargs)
  File "/home/rag88/.conda/envs/env-tahoex1/lib/python3.10/site-packages/tahoe_x1/model/blocks.py", line 163, in forward
    x = x + self._sa_block(
  File "/home/rag88/.conda/envs/env-tahoex1/lib/python3.10/site-packages/tahoe_x1/model/blocks.py", line 187, in _sa_block
    x, _, _ = self.self_attn(
  File "/home/rag88/.conda/envs/env-tahoex1/lib/python3.10/site-packages/torch/nn/modules/module.py", line 1736, in _wrapped_call_impl
    return self._call_impl(*args, **kwargs)
  File "/home/rag88/.conda/envs/env-tahoex1/lib/python3.10/site-packages/torch/nn/modules/module.py", line 1747, in _call_impl
    return forward_call(*args, **kwargs)
  File "/home/rag88/.conda/envs/env-tahoex1/lib/python3.10/site-packages/llmfoundry/models/layers/attention.py", line 628, in forward
    context, attn_weights, past_key_value = self.attn_fn(
  File "/home/rag88/.conda/envs/env-tahoex1/lib/python3.10/site-packages/llmfoundry/models/layers/attention.py", line 402, in flash_attn_fn
    output_unpad = flash_attn_interface.flash_attn_varlen_func(
  File "/home/rag88/.conda/envs/env-tahoex1/lib/python3.10/site-packages/flash_attn/flash_attn_interface.py", line 1448, in flash_attn_varlen_func
    return FlashAttnVarlenFunc.apply(
  File "/home/rag88/.conda/envs/env-tahoex1/lib/python3.10/site-packages/torch/autograd/function.py", line 575, in apply
    return super().apply(*args, **kwargs)  # type: ignore[misc]
  File "/home/rag88/.conda/envs/env-tahoex1/lib/python3.10/site-packages/flash_attn/flash_attn_interface.py", line 930, in forward
    out_padded, softmax_lse, S_dmask, rng_state = _wrapped_flash_attn_varlen_forward(
  File "/home/rag88/.conda/envs/env-tahoex1/lib/python3.10/site-packages/torch/_ops.py", line 1116, in __call__
    return self._op(*args, **(kwargs or {}))
  File "/home/rag88/.conda/envs/env-tahoex1/lib/python3.10/site-packages/torch/_library/autograd.py", line 113, in autograd_impl
    result = forward_no_grad(*args, Metadata(keyset, keyword_only_args))
  File "/home/rag88/.conda/envs/env-tahoex1/lib/python3.10/site-packages/torch/_library/autograd.py", line 40, in forward_no_grad
    result = op.redispatch(keyset & _C._after_autograd_keyset, *args, **kwargs)
  File "/home/rag88/.conda/envs/env-tahoex1/lib/python3.10/site-packages/torch/_ops.py", line 721, in redispatch
    return self._handle.redispatch_boxed(keyset, *args, **kwargs)
  File "/home/rag88/.conda/envs/env-tahoex1/lib/python3.10/site-packages/torch/_library/custom_ops.py", line 324, in backend_impl
    result = self._backend_fns[device_type](*args, **kwargs)
  File "/home/rag88/.conda/envs/env-tahoex1/lib/python3.10/site-packages/torch/_compile.py", line 32, in inner
    return disable_fn(*args, **kwargs)
  File "/home/rag88/.conda/envs/env-tahoex1/lib/python3.10/site-packages/torch/_dynamo/eval_frame.py", line 632, in _fn
    return fn(*args, **kwargs)
  File "/home/rag88/.conda/envs/env-tahoex1/lib/python3.10/site-packages/torch/_library/custom_ops.py", line 367, in wrapped_fn
    return fn(*args, **kwargs)
  File "/home/rag88/.conda/envs/env-tahoex1/lib/python3.10/site-packages/flash_attn/flash_attn_interface.py", line 170, in _flash_attn_varlen_forward
    out, softmax_lse, S_dmask, rng_state = flash_attn_gpu.varlen_fwd(
RuntimeError: FlashAttention only support fp16 and bf16 data type
Traceback (most recent call last):
  File "<stdin>", line 33, in <module>
  File "/home/rag88/.conda/envs/env-tahoex1/lib/python3.10/site-packages/torch/nn/modules/module.py", line 1736, in _wrapped_call_impl
    return self._call_impl(*args, **kwargs)
  File "/home/rag88/.conda/envs/env-tahoex1/lib/python3.10/site-packages/torch/nn/modules/module.py", line 1747, in _call_impl
    return forward_call(*args, **kwargs)
  File "/home/rag88/.conda/envs/env-tahoex1/lib/python3.10/site-packages/tahoe_x1/model/model.py", line 255, in forward
    transformer_output = self.transformer_generate(
  File "/home/rag88/.conda/envs/env-tahoex1/lib/python3.10/site-packages/tahoe_x1/model/model.py", line 205, in transformer_generate
    output = self.transformer_encoder(
  File "/home/rag88/.conda/envs/env-tahoex1/lib/python3.10/site-packages/torch/nn/modules/module.py", line 1736, in _wrapped_call_impl
    return self._call_impl(*args, **kwargs)
  File "/home/rag88/.conda/envs/env-tahoex1/lib/python3.10/site-packages/torch/nn/modules/module.py", line 1747, in _call_impl
    return forward_call(*args, **kwargs)
  File "/home/rag88/.conda/envs/env-tahoex1/lib/python3.10/site-packages/tahoe_x1/model/blocks.py", line 290, in forward
    total_embs = mod(
  File "/home/rag88/.conda/envs/env-tahoex1/lib/python3.10/site-packages/torch/nn/modules/module.py", line 1736, in _wrapped_call_impl
    return self._call_impl(*args, **kwargs)
  File "/home/rag88/.conda/envs/env-tahoex1/lib/python3.10/site-packages/torch/nn/modules/module.py", line 1747, in _call_impl
    return forward_call(*args, **kwargs)
  File "/home/rag88/.conda/envs/env-tahoex1/lib/python3.10/site-packages/tahoe_x1/model/blocks.py", line 163, in forward
    x = x + self._sa_block(
  File "/home/rag88/.conda/envs/env-tahoex1/lib/python3.10/site-packages/tahoe_x1/model/blocks.py", line 187, in _sa_block
    x, _, _ = self.self_attn(
  File "/home/rag88/.conda/envs/env-tahoex1/lib/python3.10/site-packages/torch/nn/modules/module.py", line 1736, in _wrapped_call_impl
    return self._call_impl(*args, **kwargs)
  File "/home/rag88/.conda/envs/env-tahoex1/lib/python3.10/site-packages/torch/nn/modules/module.py", line 1747, in _call_impl
    return forward_call(*args, **kwargs)
  File "/home/rag88/.conda/envs/env-tahoex1/lib/python3.10/site-packages/llmfoundry/models/layers/attention.py", line 628, in forward
    context, attn_weights, past_key_value = self.attn_fn(
  File "/home/rag88/.conda/envs/env-tahoex1/lib/python3.10/site-packages/llmfoundry/models/layers/attention.py", line 402, in flash_attn_fn
    output_unpad = flash_attn_interface.flash_attn_varlen_func(
  File "/home/rag88/.conda/envs/env-tahoex1/lib/python3.10/site-packages/flash_attn/flash_attn_interface.py", line 1448, in flash_attn_varlen_func
    return FlashAttnVarlenFunc.apply(
  File "/home/rag88/.conda/envs/env-tahoex1/lib/python3.10/site-packages/torch/autograd/function.py", line 575, in apply
    return super().apply(*args, **kwargs)  # type: ignore[misc]
  File "/home/rag88/.conda/envs/env-tahoex1/lib/python3.10/site-packages/flash_attn/flash_attn_interface.py", line 930, in forward
    out_padded, softmax_lse, S_dmask, rng_state = _wrapped_flash_attn_varlen_forward(
  File "/home/rag88/.conda/envs/env-tahoex1/lib/python3.10/site-packages/torch/_ops.py", line 1116, in __call__
    return self._op(*args, **(kwargs or {}))
  File "/home/rag88/.conda/envs/env-tahoex1/lib/python3.10/site-packages/torch/_library/autograd.py", line 113, in autograd_impl
    result = forward_no_grad(*args, Metadata(keyset, keyword_only_args))
  File "/home/rag88/.conda/envs/env-tahoex1/lib/python3.10/site-packages/torch/_library/autograd.py", line 40, in forward_no_grad
    result = op.redispatch(keyset & _C._after_autograd_keyset, *args, **kwargs)
  File "/home/rag88/.conda/envs/env-tahoex1/lib/python3.10/site-packages/torch/_ops.py", line 721, in redispatch
    return self._handle.redispatch_boxed(keyset, *args, **kwargs)
  File "/home/rag88/.conda/envs/env-tahoex1/lib/python3.10/site-packages/torch/_library/custom_ops.py", line 324, in backend_impl
    result = self._backend_fns[device_type](*args, **kwargs)
  File "/home/rag88/.conda/envs/env-tahoex1/lib/python3.10/site-packages/torch/_compile.py", line 32, in inner
    return disable_fn(*args, **kwargs)
  File "/home/rag88/.conda/envs/env-tahoex1/lib/python3.10/site-packages/torch/_dynamo/eval_frame.py", line 632, in _fn
    return fn(*args, **kwargs)
  File "/home/rag88/.conda/envs/env-tahoex1/lib/python3.10/site-packages/torch/_library/custom_ops.py", line 367, in wrapped_fn
    return fn(*args, **kwargs)
  File "/home/rag88/.conda/envs/env-tahoex1/lib/python3.10/site-packages/flash_attn/flash_attn_interface.py", line 170, in _flash_attn_varlen_forward
    out, softmax_lse, S_dmask, rng_state = flash_attn_gpu.varlen_fwd(
RuntimeError: FlashAttention only support fp16 and bf16 data type
Traceback (most recent call last):
  File "<stdin>", line 42, in <module>
  File "/home/rag88/.conda/envs/env-tahoex1/lib/python3.10/site-packages/torch/nn/modules/module.py", line 1736, in _wrapped_call_impl
    return self._call_impl(*args, **kwargs)
  File "/home/rag88/.conda/envs/env-tahoex1/lib/python3.10/site-packages/torch/nn/modules/module.py", line 1747, in _call_impl
    return forward_call(*args, **kwargs)
  File "/home/rag88/.conda/envs/env-tahoex1/lib/python3.10/site-packages/tahoe_x1/model/model.py", line 255, in forward
    transformer_output = self.transformer_generate(
  File "/home/rag88/.conda/envs/env-tahoex1/lib/python3.10/site-packages/tahoe_x1/model/model.py", line 205, in transformer_generate
    output = self.transformer_encoder(
  File "/home/rag88/.conda/envs/env-tahoex1/lib/python3.10/site-packages/torch/nn/modules/module.py", line 1736, in _wrapped_call_impl
    return self._call_impl(*args, **kwargs)
  File "/home/rag88/.conda/envs/env-tahoex1/lib/python3.10/site-packages/torch/nn/modules/module.py", line 1747, in _call_impl
    return forward_call(*args, **kwargs)
  File "/home/rag88/.conda/envs/env-tahoex1/lib/python3.10/site-packages/tahoe_x1/model/blocks.py", line 290, in forward
    total_embs = mod(
  File "/home/rag88/.conda/envs/env-tahoex1/lib/python3.10/site-packages/torch/nn/modules/module.py", line 1736, in _wrapped_call_impl
    return self._call_impl(*args, **kwargs)
  File "/home/rag88/.conda/envs/env-tahoex1/lib/python3.10/site-packages/torch/nn/modules/module.py", line 1747, in _call_impl
    return forward_call(*args, **kwargs)
  File "/home/rag88/.conda/envs/env-tahoex1/lib/python3.10/site-packages/tahoe_x1/model/blocks.py", line 163, in forward
    x = x + self._sa_block(
  File "/home/rag88/.conda/envs/env-tahoex1/lib/python3.10/site-packages/tahoe_x1/model/blocks.py", line 187, in _sa_block
    x, _, _ = self.self_attn(
  File "/home/rag88/.conda/envs/env-tahoex1/lib/python3.10/site-packages/torch/nn/modules/module.py", line 1736, in _wrapped_call_impl
    return self._call_impl(*args, **kwargs)
  File "/home/rag88/.conda/envs/env-tahoex1/lib/python3.10/site-packages/torch/nn/modules/module.py", line 1747, in _call_impl
    return forward_call(*args, **kwargs)
  File "/home/rag88/.conda/envs/env-tahoex1/lib/python3.10/site-packages/llmfoundry/models/layers/attention.py", line 628, in forward
    context, attn_weights, past_key_value = self.attn_fn(
  File "/home/rag88/.conda/envs/env-tahoex1/lib/python3.10/site-packages/llmfoundry/models/layers/attention.py", line 402, in flash_attn_fn
    output_unpad = flash_attn_interface.flash_attn_varlen_func(
  File "/home/rag88/.conda/envs/env-tahoex1/lib/python3.10/site-packages/flash_attn/flash_attn_interface.py", line 1448, in flash_attn_varlen_func
    return FlashAttnVarlenFunc.apply(
  File "/home/rag88/.conda/envs/env-tahoex1/lib/python3.10/site-packages/torch/autograd/function.py", line 575, in apply
    return super().apply(*args, **kwargs)  # type: ignore[misc]
  File "/home/rag88/.conda/envs/env-tahoex1/lib/python3.10/site-packages/flash_attn/flash_attn_interface.py", line 930, in forward
    out_padded, softmax_lse, S_dmask, rng_state = _wrapped_flash_attn_varlen_forward(
  File "/home/rag88/.conda/envs/env-tahoex1/lib/python3.10/site-packages/torch/_ops.py", line 1116, in __call__
    return self._op(*args, **(kwargs or {}))
  File "/home/rag88/.conda/envs/env-tahoex1/lib/python3.10/site-packages/torch/_library/autograd.py", line 113, in autograd_impl
    result = forward_no_grad(*args, Metadata(keyset, keyword_only_args))
  File "/home/rag88/.conda/envs/env-tahoex1/lib/python3.10/site-packages/torch/_library/autograd.py", line 40, in forward_no_grad
    result = op.redispatch(keyset & _C._after_autograd_keyset, *args, **kwargs)
  File "/home/rag88/.conda/envs/env-tahoex1/lib/python3.10/site-packages/torch/_ops.py", line 721, in redispatch
    return self._handle.redispatch_boxed(keyset, *args, **kwargs)
  File "/home/rag88/.conda/envs/env-tahoex1/lib/python3.10/site-packages/torch/_library/custom_ops.py", line 324, in backend_impl
    result = self._backend_fns[device_type](*args, **kwargs)
  File "/home/rag88/.conda/envs/env-tahoex1/lib/python3.10/site-packages/torch/_compile.py", line 32, in inner
    return disable_fn(*args, **kwargs)
  File "/home/rag88/.conda/envs/env-tahoex1/lib/python3.10/site-packages/torch/_dynamo/eval_frame.py", line 632, in _fn
    return fn(*args, **kwargs)
  File "/home/rag88/.conda/envs/env-tahoex1/lib/python3.10/site-packages/torch/_library/custom_ops.py", line 367, in wrapped_fn
    return fn(*args, **kwargs)
  File "/home/rag88/.conda/envs/env-tahoex1/lib/python3.10/site-packages/flash_attn/flash_attn_interface.py", line 170, in _flash_attn_varlen_forward
    out, softmax_lse, S_dmask, rng_state = flash_attn_gpu.varlen_fwd(
RuntimeError: FlashAttention only support fp16 and bf16 data type
