GPU: NVIDIA RTX 5000 Ada Generation  VRAM: 31.5 GB

=== Loading Tahoe-x1 3b from HuggingFace ===
Model loaded: 2,704,463,361 params in 85.6s
  vocab size: 62721
  model_cfg keys: ['name', 'd_model', 'n_layers', 'init_device', 'expansion_ratio', 'standard_scale_outputs', 'transformer_activation', 'n_heads', 'norm_scheme', 'use_generative_training']
[mem after_load_model] alloc=10.141 GB  peak=10.141 GB

=== Running inference on 100 Tahoe-100M cells ===
Loaded Tahoe-100M: (100, 62710) cells x genes, mean nonzero per cell 1195.6
Wrote sample to /home/rag88/projects/CompBioSummer2026/Execution/phases/phase-1/subphase-1.1/output/delta-tier1/tahoex1_sample_100.h5ad
  gene vocab mapping: 62710/62710 ensembl IDs resolve (vocab size 62721)
  adata after vocab filter: (100, 62710)
Using device cuda:0 for inference.
  Cell embeddings: shape=(100, 2560) dtype=float32
  forward pass time: 8.5s
[mem after_forward] alloc=10.198 GB  peak=16.726 GB

=== TAHOE-X1 3B SMOKE PASS ===
{
  "env": "env-tahoex1",
  "torch": "2.5.1+cu121",
  "cuda_available": true,
  "model_size": "3b",
  "gpu_name": "NVIDIA RTX 5000 Ada Generation",
  "gpu_total_gb": 31.5,
  "load_time_s": 85.6,
  "n_params": 2704463361,
  "vocab_size": 62721,
  "memory_gb": {
    "after_load_model": {
      "alloc": 10.141,
      "peak": 10.141
    },
    "after_forward": {
      "alloc": 10.198,
      "peak": 16.726
    }
  },
  "vocab_hit_rate": 1.0,
  "inference_path": "get_batch_embeddings",
  "cell_embedding_shape": [
    100,
    2560
  ],
  "cell_embedding_dtype": "float32",
  "forward_time_s": 8.5,
  "status": "PASS"
}
