============================================================
BioEmu Sanity (Task 007)
  Job ID:       8695350
  Node:         a1128u08n01.mghpcc.ycrc.yale.edu
  Start:        2026-04-17T22:46:37Z
  Partition:    gpu_devel
  GPU:          NVIDIA RTX 5000 Ada Generation
  Short name:   crambin
  Output dir:   /home/rag88/projects/CompBioSummer2026/Execution/phases/phase-1/subphase-1.1/output/task-007-crambin
============================================================
Fri Apr 17 18:46:37 2026       
+-----------------------------------------------------------------------------------------+
| NVIDIA-SMI 570.195.03             Driver Version: 570.195.03     CUDA Version: 12.8     |
|-----------------------------------------+------------------------+----------------------+
| GPU  Name                 Persistence-M | Bus-Id          Disp.A | Volatile Uncorr. ECC |
| Fan  Temp   Perf          Pwr:Usage/Cap |           Memory-Usage | GPU-Util  Compute M. |
|                                         |                        |               MIG M. |
|=========================================+========================+======================|
|   0  NVIDIA RTX 5000 Ada Gene...    On  |   00000000:BD:00.0 Off |                  Off |
| 30%   35C    P8             19W /  250W |       2MiB /  32760MiB |      0%      Default |
|                                         |                        |                  N/A |
+-----------------------------------------+------------------------+----------------------+
                                                                                         
+-----------------------------------------------------------------------------------------+
| Processes:                                                                              |
|  GPU   GI   CI              PID   Type   Process name                        GPU Memory |
|        ID   ID                                                               Usage      |
|=========================================================================================|
|  No running processes found                                                             |
+-----------------------------------------------------------------------------------------+

Python 3.10.20
  bioemu: 1.3.1
  torch: 2.7.1+cu128, cuda: True
======================================================================
BioEmu Sanity Check: crambin
  Seq length: 46
  Num samples: 100
  Output: /home/rag88/projects/CompBioSummer2026/Execution/phases/phase-1/subphase-1.1/output/task-007-crambin
  Cache: /nfs/roberts/scratch/pi_mg269/rag88/.bioemu_embeds_cache
  Model: bioemu-v1.1
======================================================================

Generated in 3.1 min
  Physical conformations: 82/100 (82.0%)

Status written to /home/rag88/projects/CompBioSummer2026/Execution/phases/phase-1/subphase-1.1/output/task-007-crambin/generation_status.json

============================================================
BioEmu sanity finished: crambin, exit=0, 2026-04-17T22:49:53Z
============================================================
