#"Step","Time (ps)","Potential Energy (kJ/mole)","Kinetic Energy (kJ/mole)","Total Energy (kJ/mole)","Temperature (K)","Speed (ns/day)"
101000,101.0000000001182,-279911.5283715405,2482.70849609375,-277428.81987544673,310.5576679248881,0
102000,102.00000000012298,-279753.988556531,2454.428466796875,-277299.56008973415,307.02016847172905,1.44
103000,103.00000000012776,-279837.91985671857,2370.89013671875,-277467.0297199998,296.5705047225531,1.44
104000,104.00000000013253,-279760.6865889947,2408.62353515625,-277352.06305383844,301.29050960434574,1.44
105000,105.0000000001373,-279832.92379025643,2472.731689453125,-277360.1921008033,309.30968661394286,1.44
106000,106.00000000014208,-279842.89595678105,2494.6025390625,-277348.29341771855,312.0454729782744,1.44
107000,107.00000000014685,-279830.21626024874,2389.3056640625,-277440.91059618624,298.87407086190467,1.44
108000,108.00000000015163,-279777.0406720934,2375.572265625,-277401.4684064684,297.15618404670107,1.44
109000,109.0000000001564,-279855.6675846199,2443.78466796875,-277411.88291665114,305.6887542734351,1.44
110000,110.00000000016118,-279894.6927219502,2332.939453125,-277561.7532688252,291.82332002021127,1.44
111000,111.00000000016595,-279932.777308331,2369.688232421875,-277563.0890759091,296.42016061405474,1.44
112000,112.00000000017073,-279776.1494472205,2214.724365234375,-277561.4250819861,277.0360012243836,1.44
113000,113.0000000001755,-279826.1130762555,2475.58935546875,-277350.52372078673,309.6671470628506,1.44
114000,114.00000000018028,-279859.64380377537,2507.322998046875,-277352.3208057285,313.6366529671202,1.44
115000,115.00000000018505,-279737.8344194882,2436.000244140625,-277301.8341753476,304.7150142979184,1.45
116000,116.00000000018983,-279950.8210170393,2453.244384765625,-277497.5766322737,306.87205371929826,1.45
117000,117.0000000001946,-279769.25314279826,2466.791015625,-277302.46212717326,308.5665781044792,1.45
118000,118.00000000019938,-279856.4314654324,2525.80224609375,-277330.62921933865,315.9481898178912,1.45
119000,119.00000000020415,-279786.8444470115,2380.23388671875,-277406.6105602927,297.7392980844152,1.46
120000,120.00000000020893,-279882.2942225071,2364.305908203125,-277517.988314304,295.7468950816652,1.46
121000,121.0000000002137,-279888.6357986526,2452.091796875,-277436.5440017776,306.72787851389086,1.46
122000,122.00000000021848,-279953.5016493779,2419.29052734375,-277534.2111220342,302.6248250194398,1.46
123000,123.00000000022325,-279934.9650131886,2342.531494140625,-277592.433519048,293.02317167139756,1.46
124000,124.00000000022803,-279837.8689085586,2445.0244140625,-277392.8444944961,305.84383194618636,1.46
125000,125.0000000002328,-279899.2248907702,2434.515869140625,-277464.7090216296,304.5293364227062,1.46
126000,126.00000000023758,-279899.7818232013,2408.20703125,-277491.5747919513,301.2384098584391,1.46
127000,127.00000000024235,-279903.0319681117,2365.066162109375,-277537.9658060023,295.84199391446305,1.47
128000,128.00000000024713,-279812.3783552447,2461.2255859375,-277351.1527693072,307.8704082289303,1.47
129000,129.0000000002519,-279842.675522029,2395.14453125,-277447.530990779,299.60444455657165,1.47
130000,130.00000000025668,-279800.8867213333,2403.078857421875,-277397.80786391144,300.59693555435484,1.47
131000,131.00000000026145,-279791.7709614387,2396.57080078125,-277395.20016065746,299.78285412022126,1.47
132000,132.00000000026623,-279900.5600166104,2397.20849609375,-277503.3515205167,299.8626223126644,1.47
133000,133.000000000271,-279860.07225503976,2395.98291015625,-277464.0893448835,299.7093159091175,1.47
134000,134.00000000027578,-279888.42374842823,2510.341796875,-277378.08195155323,314.0142692380082,1.47
135000,135.00000000028055,-279827.83735349134,2487.3505859375,-277340.48676755384,311.1383388326653,1.47
136000,136.00000000028533,-279860.8283405008,2317.97607421875,-277542.8522662821,289.95157709722497,1.47
137000,137.0000000002901,-279867.32842033124,2468.00341796875,-277399.3250023625,308.7182353953187,1.47
138000,138.00000000029488,-279934.13265211426,2296.6640625,-277637.46858961426,287.28569478821584,1.47
139000,139.00000000029965,-280044.98761703825,2447.327880859375,-277597.6597361789,306.13196858313165,1.48
140000,140.00000000030442,-279953.2302071031,2488.595703125,-277464.6345039781,311.2940883661492,1.48
141000,141.0000000003092,-279760.9423202588,2357.3232421875,-277403.6190780713,294.87344559006243,1.48
142000,142.00000000031397,-279909.626206021,2434.13818359375,-277475.48802242725,304.4820923975494,1.48
143000,143.00000000031875,-279709.7611658643,2471.16162109375,-277238.59954477055,309.11328950613205,1.48
144000,144.00000000032352,-279745.2920891719,2433.16455078125,-277312.12753839063,304.36030237018986,1.48
145000,145.0000000003283,-279805.58971066,2331.06689453125,-277474.52281612874,291.5890849375011,1.48
146000,146.00000000033307,-279888.282300815,2371.47705078125,-277516.80525003374,296.64392077716,1.48
147000,147.00000000033785,-279842.0433131648,2480.0537109375,-277361.9896022273,310.225585488201,1.48
148000,148.00000000034262,-279767.5812908816,2563.673828125,-277203.9074627566,320.68547984398816,1.48
149000,149.0000000003474,-279718.5156099729,2474.96142578125,-277243.5541841916,309.58860043537595,1.48
150000,150.00000000035217,-279832.22787439806,2402.538330078125,-277429.68954431993,300.5293219333483,1.48
151000,151.00000000035695,-279768.16427803657,2381.92626953125,-277386.2380085053,297.9509952934565,1.48
152000,152.00000000036172,-279923.2423549383,2496.369873046875,-277426.8724818914,312.26654569844897,1.48
153000,153.0000000003665,-279944.7459745358,2413.03857421875,-277531.7074003171,301.84277912660525,1.49
154000,154.00000000037127,-279838.6735081759,2277.431884765625,-277561.24162341026,284.87997527837337,1.49
155000,155.00000000037605,-279836.7200677429,2306.6015625,-277530.1185052429,288.5287593001629,1.49
156000,156.00000000038082,-280009.37775160396,2344.507080078125,-277664.87067152583,293.2702942645254,1.49
157000,157.0000000003856,-280011.7920032439,2484.301025390625,-277527.4909778533,310.7568746321265,1.49
158000,158.00000000039037,-279781.7326167478,2377.830810546875,-277403.9018062009,297.43870148479124,1.49
159000,159.00000000039515,-279785.595073315,2223.93310546875,-277561.6619678463,278.18790645055617,1.49
160000,160.00000000039992,-279927.944324028,2397.63671875,-277530.307605278,299.91618793653316,1.49
161000,161.0000000004047,-279905.03594286076,2443.7568359375,-277461.27910692326,305.6852728132749,1.49
162000,162.00000000040947,-279779.8722822661,2253.544921875,-277526.3273603911,281.8919968262947,1.49
163000,163.00000000041425,-279983.91469754506,2423.40185546875,-277560.5128420763,303.1391038711789,1.49
164000,164.00000000041902,-279922.1435846927,2438.459716796875,-277483.6838678958,305.02266543523547,1.49
165000,165.0000000004238,-279843.1266981282,2448.626708984375,-277394.4999891438,306.29443672394234,1.49
166000,166.00000000042857,-279919.886141605,2412.47119140625,-277507.4149501987,301.7718062019353,1.49
167000,167.00000000043335,-279891.93618240196,2497.76904296875,-277394.1671394332,312.441565419311,1.49
168000,168.00000000043812,-279865.2637680064,2229.093505859375,-277636.17026214703,278.8334119190366,1.49
169000,169.0000000004429,-279986.5306082609,2260.269775390625,-277726.26083287026,282.73319700272896,1.49
170000,170.00000000044767,-279970.5972165769,2290.83447265625,-277679.76274392067,286.5564815802689,1.49
171000,171.00000000045245,-279797.49478292046,2422.39794921875,-277375.0968337017,303.01352699241704,1.49
172000,172.00000000045722,-279993.7720030077,2382.06005859375,-277611.71194441395,297.967730733525,1.5
173000,173.000000000462,-279951.1677598957,2466.687744140625,-277484.48001575505,308.55366005493727,1.5
174000,174.00000000046677,-279929.61005170894,2285.87353515625,-277643.7365165527,285.9359265762702,1.5
175000,175.00000000047154,-279859.68398241734,2397.37109375,-277462.31288866734,299.88296136939,1.5
176000,176.00000000047632,-279891.22262320865,2417.8408203125,-277473.38180289615,302.4434836998658,1.5
177000,177.0000000004811,-280054.7411015724,2449.573486328125,-277605.1676152443,306.4128674476386,1.5
178000,178.00000000048587,-279914.04473031074,2378.62890625,-277535.41582406074,297.53853388184206,1.5
179000,179.00000000049064,-279922.0578545172,2296.491455078125,-277625.56639943906,287.2641036273976,1.5
180000,180.00000000049542,-279697.60435020615,2224.05419921875,-277473.5501509874,278.20305385616564,1.5
181000,181.0000000005002,-279936.2917878909,2480.4443359375,-277455.8474519534,310.27444808694105,1.5
182000,182.00000000050497,-279946.61473300384,2415.92041015625,-277530.6943228476,302.20326294881,1.5
183000,183.00000000050974,-279944.4699699181,2478.2958984375,-277466.1740714806,310.0057037938708,1.5
184000,184.00000000051452,-279868.42886571045,2415.66796875,-277452.76089696045,302.17168549437423,1.5
185000,185.0000000005193,-279837.96509029396,2286.723388671875,-277551.2417016221,286.04223326765407,1.5
186000,186.00000000052407,-279846.29725056066,2386.087158203125,-277460.21009235753,298.4714735874108,1.5
187000,187.00000000052884,-280014.9815704943,2348.794677734375,-277666.1868927599,293.80662236394596,1.5
188000,188.00000000053362,-279935.0259147992,2428.4443359375,-277506.5815788617,303.76985894266465,1.5
189000,189.0000000005384,-279913.5794176064,2333.125,-277580.4544176064,291.8465297546128,1.5
190000,190.00000000054317,-279936.2421972866,2442.78173828125,-277493.4604590054,305.56329955117,1.5
191000,191.00000000054794,-279914.2843605485,2342.9990234375,-277571.285337111,293.0816540942646,1.5
192000,192.00000000055272,-280100.0936465044,2481.91748046875,-277618.17616603564,310.4587211624395,1.5
193000,193.0000000005575,-279916.01913665555,2373.81103515625,-277542.2081014993,296.93587480463185,1.5
194000,194.00000000056227,-279712.0985541824,2390.4404296875,-277321.6581244949,299.0160167112445,1.5
195000,195.00000000056704,-279788.3313193515,2406.25048828125,-277382.08083107026,300.9936693169999,1.5
196000,196.00000000057182,-279855.698838123,2257.54638671875,-277598.15245140425,282.3925330721381,1.5
197000,197.0000000005766,-279798.02644861734,2261.197021484375,-277536.82942713297,282.84918459648816,1.5
198000,198.00000000058137,-279899.94425488607,2356.160888671875,-277543.7833662142,294.7280488196866,1.5
199000,199.00000000058614,-280000.0606752815,2400.775634765625,-277599.2850405159,300.3088294565338,1.5
200000,200.00000000059092,-279825.9140631444,2353.11962890625,-277472.79443423817,294.34762294937104,1.5
201000,201.0000000005957,-279759.8532794417,2372.9189453125,-277386.9343341292,296.82428484475923,1.5
202000,202.00000000060047,-279906.04898603336,2420.265625,-277485.78336103336,302.7467982815447,1.5
203000,203.00000000060524,-279819.09051766864,2513.36279296875,-277305.7277246999,314.3921603610141,1.5
204000,204.00000000061002,-279888.4920861026,2495.287841796875,-277393.2042443057,312.131196299939,1.5
205000,205.0000000006148,-279932.06934690545,2365.5068359375,-277566.56251096795,295.8971170336667,1.5
206000,206.00000000061956,-279818.1096972882,2395.396728515625,-277422.71296877257,299.6359914718832,1.5
207000,207.00000000062434,-279764.34603737446,2324.34326171875,-277440.0027756557,290.7480374566879,1.5
208000,208.00000000062911,-279866.01591400563,2344.34716796875,-277521.6687460369,293.2502911381662,1.5
209000,209.0000000006339,-279821.8109194217,2435.03076171875,-277386.780157703,304.5937434356705,1.5
210000,210.00000000063866,-279818.03533942107,2417.25390625,-277400.78143317107,302.37006764525887,1.5
211000,211.00000000064344,-279879.4541333037,2403.41796875,-277476.0361645537,300.6393543978861,1.5
212000,212.0000000006482,-279943.8538346102,2263.79833984375,-277680.05549476645,283.17457896497274,1.5
213000,213.000000000653,-279927.7727631978,2418.5185546875,-277509.2542085103,302.5282603086798,1.51
214000,214.00000000065776,-279954.41185285465,2375.21337890625,-277579.1984739484,297.11129153410866,1.51
215000,215.00000000066254,-280018.0532346042,2361.8671875,-277656.1860471042,295.44183976990615,1.51
216000,216.0000000006673,-280016.2599793124,2348.810546875,-277667.4494324374,293.8086074070198,1.51
217000,217.0000000006721,-280083.43210146413,2404.8642578125,-277678.56784365163,300.82026816972115,1.51
218000,218.00000000067686,-279822.4632672533,2275.497802734375,-277546.96546451893,284.63804433636165,1.51
219000,219.00000000068164,-279977.5172900103,2376.642578125,-277600.8747118853,297.29006756724885,1.51
220000,220.0000000006864,-279895.6398242492,2298.78076171875,-277596.85906253045,287.55046899513854,1.51
221000,221.0000000006912,-279981.90739839803,2334.89697265625,-277647.0104257418,292.0681827181474,1.51
222000,222.00000000069596,-279799.57147149136,2283.138427734375,-277516.433043757,285.59379676771715,1.51
223000,223.00000000070074,-279895.0768211367,2379.910400390625,-277515.16642074607,297.6988337448336,1.51
224000,224.0000000007055,-279786.0694548189,2327.1005859375,-277458.9688688814,291.0929463255443,1.51
225000,225.0000000007103,-279729.03951569524,2306.0078125,-277423.03170319524,288.454488150078,1.51
226000,226.00000000071506,-279848.371261814,2398.4482421875,-277449.9230196265,300.0176999854157,1.51
227000,227.00000000071984,-280042.0445277742,2393.12744140625,-277648.91708636796,299.35213031232763,1.51
228000,228.0000000007246,-279956.5275583948,2469.736328125,-277486.7912302698,308.9350020989792,1.51
229000,229.0000000007294,-279791.7386231311,2293.74267578125,-277497.9959473499,286.92026362788863,1.51
230000,230.00000000073416,-279913.55655999086,2445.5322265625,-277468.02433342836,305.9073533245484,1.51
231000,231.00000000073894,-279992.3522636641,2411.5380859375,-277580.8141777266,301.655085669195,1.51
232000,232.0000000007437,-279891.3901874533,2378.90478515625,-277512.48540229705,297.57304309220217,1.51
233000,233.00000000074849,-279931.01926725404,2481.196044921875,-277449.82322233217,310.36847805039145,1.51
234000,234.00000000075326,-279864.92720819975,2457.5810546875,-277407.34615351225,307.4145201826855,1.51
235000,235.00000000075804,-280007.4246143313,2379.298828125,-277628.1257862063,297.6223332386813,1.51
236000,236.0000000007628,-279777.54501889204,2305.810791015625,-277471.7342278764,288.4298430768385,1.51
237000,237.00000000076759,-280021.3080489722,2448.227294921875,-277573.08075405034,306.2444747167307,1.51
238000,238.00000000077236,-279744.36385080655,2326.8330078125,-277417.53084299405,291.0594754454073,1.51
239000,239.00000000077713,-279753.96789662144,2320.78515625,-277433.18274037144,290.3029602604144,1.51
240000,240.0000000007819,-279795.05492649646,2390.15625,-277404.89867649646,298.98046917066114,1.51
241000,241.00000000078668,-279753.86421849375,2400.426025390625,-277353.4381931031,300.26509743066146,1.51
242000,242.00000000079146,-279746.9490009208,2337.18115234375,-277409.76784857706,292.3539067642799,1.51
243000,243.00000000079623,-279816.1525986981,2366.22412109375,-277449.92847760435,295.98684098060306,1.51
244000,244.000000000801,-279840.1307073038,2383.13671875,-277456.9939885538,298.1024082713023,1.51
245000,245.00000000080578,-279864.08094201336,2619.80126953125,-277244.2796724821,327.70636342220166,1.51
246000,246.00000000081056,-279742.34768097993,2516.03857421875,-277226.3091067612,314.7268691623835,1.51
247000,247.00000000081533,-279820.86064985313,2351.734375,-277469.12627485313,294.1743439585891,1.51
248000,248.0000000008201,-279793.2576968609,2346.294921875,-277446.9627749859,293.4939322711338,1.51
