/home/rag88/.conda/envs/env-mace/lib/python3.10/site-packages/torch/cuda/__init__.py:235: UserWarning: 
NVIDIA B200 with CUDA capability sm_100 is not compatible with the current PyTorch installation.
The current PyTorch install supports CUDA capabilities sm_50 sm_60 sm_70 sm_75 sm_80 sm_86 sm_90.
If you want to use the NVIDIA B200 GPU with PyTorch, please check the instructions at https://pytorch.org/get-started/locally/

  warnings.warn(
/home/rag88/.conda/envs/env-mace/lib/python3.10/site-packages/torch/cuda/__init__.py:235: UserWarning: 
NVIDIA B200 with CUDA capability sm_100 is not compatible with the current PyTorch installation.
The current PyTorch install supports CUDA capabilities sm_50 sm_60 sm_70 sm_75 sm_80 sm_86 sm_90.
If you want to use the NVIDIA B200 GPU with PyTorch, please check the instructions at https://pytorch.org/get-started/locally/

  warnings.warn(
/home/rag88/.conda/envs/env-mace/lib/python3.10/site-packages/e3nn/o3/_wigner.py:10: FutureWarning: You are using `torch.load` with `weights_only=False` (the current default value), which uses the default pickle module implicitly. It is possible to construct malicious pickle data which will execute arbitrary code during unpickling (See https://github.com/pytorch/pytorch/blob/main/SECURITY.md#untrusted-models for more details). In a future release, the default value for `weights_only` will be flipped to `True`. This limits the functions that could be executed during unpickling. Arbitrary objects will no longer be allowed to be loaded via this mode unless they are explicitly allowlisted by the user via `torch.serialization.add_safe_globals`. We recommend you start setting `weights_only=True` for any use case where you don't have full control of the loaded file. Please open an issue on GitHub for any issues related to this experimental feature.
  _Jd, _W3j_flat, _W3j_indices = torch.load(os.path.join(os.path.dirname(__file__), 'constants.pt'))
/home/rag88/.conda/envs/env-mace/lib/python3.10/site-packages/mace/calculators/foundations_models.py:272: FutureWarning: You are using `torch.load` with `weights_only=False` (the current default value), which uses the default pickle module implicitly. It is possible to construct malicious pickle data which will execute arbitrary code during unpickling (See https://github.com/pytorch/pytorch/blob/main/SECURITY.md#untrusted-models for more details). In a future release, the default value for `weights_only` will be flipped to `True`. This limits the functions that could be executed during unpickling. Arbitrary objects will no longer be allowed to be loaded via this mode unless they are explicitly allowlisted by the user via `torch.serialization.add_safe_globals`. We recommend you start setting `weights_only=True` for any use case where you don't have full control of the loaded file. Please open an issue on GitHub for any issues related to this experimental feature.
  return torch.load(model, map_location=device)
WARNING:root:The model mace-off24-medium is distributed under the restrictive ASL license.  Commercial use is not permitted.
Traceback (most recent call last):
  File "/home/rag88/projects/CompBioSummer2026/Execution/phases/phase-1/subphase-1.1/output/scripts/mace_crambin_nvt.py", line 624, in main
    stage_a_pass = run_stage_a(results)
  File "/home/rag88/projects/CompBioSummer2026/Execution/phases/phase-1/subphase-1.1/output/scripts/mace_crambin_nvt.py", line 208, in run_stage_a
    system = potential.createSystem(modeller.topology)
  File "/home/rag88/.conda/envs/env-mace/lib/python3.10/site-packages/openmmml/mlpotential.py", line 230, in createSystem
    self._impl.addForces(topology, system, None, 0, **args)
  File "/home/rag88/.conda/envs/env-mace/lib/python3.10/site-packages/openmmml/models/macepotential.py", line 203, in addForces
    nodeAttrs = to_one_hot(
  File "/home/rag88/.conda/envs/env-mace/lib/python3.10/site-packages/mace/tools/torch_tools.py", line 27, in to_one_hot
    oh = torch.zeros(shape, device=indices.device).view(shape)
RuntimeError: CUDA error: no kernel image is available for execution on the device
CUDA kernel errors might be asynchronously reported at some other API call, so the stacktrace below might be incorrect.
For debugging consider passing CUDA_LAUNCH_BLOCKING=1
Compile with `TORCH_USE_CUDA_DSA` to enable device-side assertions.

/home/rag88/.conda/envs/env-mace/lib/python3.10/site-packages/mace/calculators/foundations_models.py:272: FutureWarning: You are using `torch.load` with `weights_only=False` (the current default value), which uses the default pickle module implicitly. It is possible to construct malicious pickle data which will execute arbitrary code during unpickling (See https://github.com/pytorch/pytorch/blob/main/SECURITY.md#untrusted-models for more details). In a future release, the default value for `weights_only` will be flipped to `True`. This limits the functions that could be executed during unpickling. Arbitrary objects will no longer be allowed to be loaded via this mode unless they are explicitly allowlisted by the user via `torch.serialization.add_safe_globals`. We recommend you start setting `weights_only=True` for any use case where you don't have full control of the loaded file. Please open an issue on GitHub for any issues related to this experimental feature.
  return torch.load(model, map_location=device)
WARNING:root:The model mace-off24-medium is distributed under the restrictive ASL license.  Commercial use is not permitted.
