==========================================
MACE hybrid WW  |  SLURM 8736919
Node: a1128u08n01.mghpcc.ycrc.yale.edu
GPU: NVIDIA RTX 5000 Ada Generation, 32760 MiB
Date: 2026-04-18T07:29:42Z
==========================================

=== Env verification ===
torch: 2.5.1+cu121 | cuda_avail: True
openmm: 8.5.1
  Platform 0: Reference (speed 1.0)
  Platform 1: CPU (speed 10.0)
  Platform 2: CUDA (speed 100.0)
  Platform 3: OpenCL (speed 50.0)
createMixedSystem attr present: True
pdbfixer: OK

=== Running MACE hybrid NVT on WW domain (residues 6-39 of 2F21) ===
[2026-04-18T07:29:48Z] torch 2.5.1+cu121 | cuda avail: True
[2026-04-18T07:29:48Z] OpenMM 8.5.1
[2026-04-18T07:29:48Z] Loading PDB: /home/rag88/projects/CompBioSummer2026/Execution/phases/phase-0/subphase-0.1/proteins/ww.pdb
[2026-04-18T07:29:48Z]   Raw topology: 1403 atoms, 324 residues, 2 chains
[2026-04-18T07:29:48Z]   Deleting 171 non-protein residues (waters/ions/ligands from PDB)
[2026-04-18T07:29:48Z]   Cropping to residue range 6-39 (inclusive)
[2026-04-18T07:29:48Z]   After protein extraction: 274 atoms, 33 residues
[2026-04-18T07:29:48Z] Running PDBFixer (fill missing heavy atoms, add hydrogens)...
[2026-04-18T07:29:49Z]   After PDBFixer: 534 atoms, 33 residues
[2026-04-18T07:29:49Z] Adding TIP3P-FB solvent (padding=1.0 nm, ionic strength=0.15 M)...
[2026-04-18T07:29:50Z]   After solvation: 7565 atoms (protein=534, water+ions=7031)
[2026-04-18T07:29:50Z] Building classical AMBER14 + TIP3P-FB system (PME, 1.0 nm cutoff)...
[2026-04-18T07:29:50Z] Creating hybrid MACE-OFF24-medium system (534 MACE atoms / 7565 total)...
cuequivariance or cuequivariance_torch is not available. Cuequivariance acceleration will be disabled.
Using MACE-OFF23 MODEL for MACECalculator with /home/rag88/.cache/mace/MACE-OFF24_medium.model
[2026-04-18T07:29:59Z]   Hybrid system built in 8.2s: 7565 particles, 6 forces
[2026-04-18T07:29:59Z] Selecting OpenCL platform (CUDA disabled by Sub 1.1 policy)...
[2026-04-18T07:30:00Z] Minimizing hybrid system (max 2000 iter, tol 10 kJ/mol/nm)...
[2026-04-18T07:56:54Z]   Post-min max |force|: 2.75e+03 kJ/mol/nm
[2026-04-18T07:56:55Z]   Minimization: 1613.6s, PE = -377550.3 kJ/mol
[2026-04-18T07:56:56Z] --- Equilibration: 50.0 ps (50000 steps) ---
