The following modules were not unloaded:
  (Use "module --force purge" to unload all):

  1) StdEnv
WARNING:absl:Tensorflow library not found, tensorflow.io.gfile operations will use native shim calls. GCS paths (i.e. 'gs://...') cannot be accessed.
WARNING:root:For using QCMLDataLoader please install tensorflow.
WARNING:root:For using QCMLDataLoader please install tensorflow_datasets.
2026-04-16 01:50:10 INFO ============================================================
2026-04-16 01:50:10 INFO SO3LR Crambin NVT Simulation - Task 002
2026-04-16 01:50:10 INFO ============================================================
2026-04-16 01:50:10 INFO JAX version: 0.5.3
INFO:2026-04-16 01:50:10,885:jax._src.xla_bridge:925: Unable to initialize backend 'rocm': module 'jaxlib.xla_extension' has no attribute 'GpuAllocatorConfig'
2026-04-16 01:50:10 INFO Unable to initialize backend 'rocm': module 'jaxlib.xla_extension' has no attribute 'GpuAllocatorConfig'
INFO:2026-04-16 01:50:10,886:jax._src.xla_bridge:925: Unable to initialize backend 'tpu': INTERNAL: Failed to open libtpu.so: libtpu.so: cannot open shared object file: No such file or directory
2026-04-16 01:50:10 INFO Unable to initialize backend 'tpu': INTERNAL: Failed to open libtpu.so: libtpu.so: cannot open shared object file: No such file or directory
2026-04-16 01:50:10 INFO JAX backend: gpu
2026-04-16 01:50:10 INFO JAX devices: [CudaDevice(id=0)]
2026-04-16 01:50:10 INFO   Device: cuda:0
2026-04-16 01:50:10 INFO   GPU memory: 0.0 GB
2026-04-16 01:50:15 WARNING Tensorflow library not found, tensorflow.io.gfile operations will use native shim calls. GCS paths (i.e. 'gs://...') cannot be accessed.
2026-04-16 01:50:15 WARNING For using QCMLDataLoader please install tensorflow.
2026-04-16 01:50:15 WARNING For using QCMLDataLoader please install tensorflow_datasets.
2026-04-16 01:50:15 INFO SO3LR version: 0.1.0
2026-04-16 01:50:15 INFO jax_md imported successfully
2026-04-16 01:50:15 INFO Loading structure from: /home/rag88/projects/CompBioSummer2026/Execution/phases/phase-1/subphase-1.1/output/crambin_h_vacuum.xyz
2026-04-16 01:50:15 INFO Number of atoms: 640
2026-04-16 01:50:15 INFO Formula: C202H313N55O64S6
2026-04-16 01:50:15 INFO Atomic numbers present: [1, 6, 7, 8, 16]
2026-04-16 01:50:15 INFO Cell: Cell([0.0, 0.0, 0.0])
2026-04-16 01:50:15 INFO PBC: [False False False]
2026-04-16 01:50:15 INFO All elements supported by SO3LR.
2026-04-16 01:50:15 INFO Positions shape: (640, 3)
2026-04-16 01:50:15 INFO Species shape: (640,)
2026-04-16 01:50:15 INFO Creating SO3LR potential...
2026-04-16 01:50:15 INFO Potential created in 0.08 s
2026-04-16 01:50:15 INFO Short-range cutoff: 4.5
2026-04-16 01:50:15 INFO Long-range cutoff: 12.0
2026-04-16 01:50:15 INFO Setting up neighbor lists...
2026-04-16 01:50:15 INFO Neighbor list setup in 0.02 s
2026-04-16 01:50:15 INFO Allocating neighbor lists...
2026-04-16 01:50:16 INFO Neighbor lists allocated.
2026-04-16 01:50:16 INFO Stage A: 200000 steps = 100.0 ps
2026-04-16 01:50:16 INFO Creating NVT Nose-Hoover chain integrator...
2026-04-16 01:50:16 INFO Initializing simulation state...
2026-04-16 01:50:30 INFO State initialized.
2026-04-16 01:50:30 INFO ============================================================
2026-04-16 01:50:30 INFO Starting NVT MD simulation: 200 cycles x 1000 steps
2026-04-16 01:50:30 INFO dt = 0.5 fs, T = 300.0 K, total = 100.0 ps
2026-04-16 01:50:30 INFO ============================================================
2026-04-16 01:50:32 INFO Initial: PE=-1136.0081 eV, KE=24.3345 eV, E=-1111.6735 eV, T=295.1 K
2026-04-16 01:50:32 INFO Running first cycle (includes JIT compilation)...
2026-04-16 01:50:38 INFO First cycle (JIT + execution): 5.83 s
2026-04-16 01:50:38 ERROR NaN detected in positions after first cycle! Simulation unstable.
