The following modules were not unloaded:
  (Use "module --force purge" to unload all):

  1) StdEnv
ModuleNotFoundError: No module named 'numpy'
ImportError: _multiarray_umath failed to import
Traceback (most recent call last):
  File "<string>", line 1, in <module>
  File "/home/rag88/.conda/envs/env-so3lr/lib/python3.12/site-packages/jax/__init__.py", line 25, in <module>
    from jax._src.cloud_tpu_init import cloud_tpu_init as _cloud_tpu_init
  File "/home/rag88/.conda/envs/env-so3lr/lib/python3.12/site-packages/jax/_src/cloud_tpu_init.py", line 20, in <module>
    from jax._src import config
  File "/home/rag88/.conda/envs/env-so3lr/lib/python3.12/site-packages/jax/_src/config.py", line 27, in <module>
    from jax._src.lib import guard_lib
  File "/home/rag88/.conda/envs/env-so3lr/lib/python3.12/site-packages/jax/_src/lib/__init__.py", line 87, in <module>
    import jaxlib.xla_client as xla_client
  File "/home/rag88/.conda/envs/env-so3lr/lib/python3.12/site-packages/jaxlib/xla_client.py", line 30, in <module>
    import ml_dtypes
  File "/home/rag88/.conda/envs/env-so3lr/lib/python3.12/site-packages/ml_dtypes/__init__.py", line 40, in <module>
    from ml_dtypes._finfo import finfo
  File "/home/rag88/.conda/envs/env-so3lr/lib/python3.12/site-packages/ml_dtypes/_finfo.py", line 17, in <module>
    from ml_dtypes._ml_dtypes_ext import bfloat16
ImportError: numpy._core.umath failed to import
Traceback (most recent call last):
  File "<string>", line 2, in <module>
  File "/home/rag88/.conda/envs/env-so3lr/lib/python3.12/site-packages/ase/__init__.py", line 8, in <module>
    import ase.parallel  # noqa
    ^^^^^^^^^^^^^^^^^^^
  File "/home/rag88/.conda/envs/env-so3lr/lib/python3.12/site-packages/ase/parallel.py", line 11, in <module>
    import numpy as np
ModuleNotFoundError: No module named 'numpy'
