==============================
SO3LR Crambin NVT - Job 8392461
Node: a1128u44n01.mghpcc.ycrc.yale.edu
Date: 2026-04-16T05:40:46Z
Partition: gpu_devel
==============================
Python: /apps/software/2022b/software/Python/3.10.8-GCCcore-12.2.0/bin/python
Python version: Python 3.10.8
SO3LR: 
JAX: 
Thu Apr 16 01:40:46 2026       
+-----------------------------------------------------------------------------------------+
| NVIDIA-SMI 570.195.03             Driver Version: 570.195.03     CUDA Version: 12.8     |
|-----------------------------------------+------------------------+----------------------+
| GPU  Name                 Persistence-M | Bus-Id          Disp.A | Volatile Uncorr. ECC |
| Fan  Temp   Perf          Pwr:Usage/Cap |           Memory-Usage | GPU-Util  Compute M. |
|                                         |                        |               MIG M. |
|=========================================+========================+======================|
|   0  NVIDIA RTX 5000 Ada Gene...    On  |   00000000:2A:00.0 Off |                  Off |
| 30%   35C    P8             15W /  250W |       2MiB /  32760MiB |      0%      Default |
|                                         |                        |                  N/A |
+-----------------------------------------+------------------------+----------------------+
                                                                                         
+-----------------------------------------------------------------------------------------+
| Processes:                                                                              |
|  GPU   GI   CI              PID   Type   Process name                        GPU Memory |
|        ID   ID                                                               Usage      |
|=========================================================================================|
|  No running processes found                                                             |
+-----------------------------------------------------------------------------------------+

=== Preparing input structure ===
ERROR: Failed to prepare input structure
