==============================
SO3LR Crambin NVT (CLI) - Job 8394754
Node: a1128u44n01.mghpcc.ycrc.yale.edu
Date: 2026-04-16T06:05:25Z
Partition: gpu_devel
GPU: NVIDIA RTX 5000 Ada Generation
==============================
Python: /home/rag88/.conda/envs/env-so3lr/bin/python
Python version: Python 3.12.13
numpy: 2.4.4 /home/rag88/.local/lib/python3.12/site-packages/numpy/__init__.py
SO3LR: 0.1.0
JAX: 0.5.3
JAX devices: [CudaDevice(id=0)]
Backend: gpu
Thu Apr 16 02:05:35 2026       
+-----------------------------------------------------------------------------------------+
| NVIDIA-SMI 570.195.03             Driver Version: 570.195.03     CUDA Version: 12.8     |
|-----------------------------------------+------------------------+----------------------+
| GPU  Name                 Persistence-M | Bus-Id          Disp.A | Volatile Uncorr. ECC |
| Fan  Temp   Perf          Pwr:Usage/Cap |           Memory-Usage | GPU-Util  Compute M. |
|                                         |                        |               MIG M. |
|=========================================+========================+======================|
|   0  NVIDIA RTX 5000 Ada Gene...    On  |   00000000:AB:00.0 Off |                  Off |
| 30%   42C    P0             70W /  250W |       2MiB /  32760MiB |      0%      Default |
|                                         |                        |                  N/A |
+-----------------------------------------+------------------------+----------------------+
                                                                                         
+-----------------------------------------------------------------------------------------+
| Processes:                                                                              |
|  GPU   GI   CI              PID   Type   Process name                        GPU Memory |
|        ID   ID                                                               Usage      |
|=========================================================================================|
|  No running processes found                                                             |
+-----------------------------------------------------------------------------------------+

Input file: /home/rag88/projects/CompBioSummer2026/Execution/phases/phase-1/subphase-1.1/output/crambin_h_vacuum.xyz
640 atoms, formula=C202H313N55O64S6

============================================
STEP 1: Quick 10 ps NVT test (with --relax)
Start: 2026-04-16T06:05:36Z
============================================
10 ps test exit code: 0
End: 2026-04-16T06:07:44Z
>>> 10 ps test PASSED.

============================================
STEP 2: Stage A -- 100 ps NVT
Start: 2026-04-16T06:07:44Z
============================================
Stage A exit code: 0
End: 2026-04-16T06:18:44Z
>>> Stage A (100 ps) PASSED. Proceeding to Stage B.

============================================
STEP 3: Stage B -- 1 ns NVT (restart from Stage A)
Start: 2026-04-16T06:18:44Z
============================================
Stage B exit code: 0
End: 2026-04-16T07:48:26Z
>>> Stage B (1 ns) PASSED. Full D1 target met.

==============================
FINAL SUMMARY
10ps test:  exit=0
Stage A:    exit=0
Stage B:    exit=0

Files in scratch:
total 32M
-rw-rw-r-- 1 rag88 pi_mg269 294K Apr 16 02:04 quicktest_relax.hdf5
-rw-rw-r-- 1 rag88 pi_mg269 7.9K Apr 16 02:04 quicktest_relax.log
-rw-rw-r-- 1 rag88 pi_mg269 972K Apr 16 02:02 quicktest_relax_opt.xyz
-rw-rw-r-- 1 rag88 pi_mg269   23 Apr 16 03:48 run_status.txt
-rw-rw-r-- 1 rag88 pi_mg269  29K Apr 16 02:18 stageA_checkpoint.npz
-rw-rw-r-- 1 rag88 pi_mg269 2.8M Apr 16 02:18 stageA.hdf5
-rw-rw-r-- 1 rag88 pi_mg269  25K Apr 16 02:18 stageA.log
-rw-rw-r-- 1 rag88 pi_mg269 972K Apr 16 02:08 stageA_opt.xyz
-rw-rw-r-- 1 rag88 pi_mg269  29K Apr 16 03:48 stageB_checkpoint.npz
-rw-rw-r-- 1 rag88 pi_mg269  25M Apr 16 03:48 stageB.hdf5
-rw-rw-r-- 1 rag88 pi_mg269 175K Apr 16 03:48 stageB.log
-rw-rw-r-- 1 rag88 pi_mg269  29K Apr 16 02:07 test_10ps_checkpoint.npz
-rw-rw-r-- 1 rag88 pi_mg269 294K Apr 16 02:07 test_10ps.hdf5
-rw-rw-r-- 1 rag88 pi_mg269 8.0K Apr 16 02:07 test_10ps.log
-rw-rw-r-- 1 rag88 pi_mg269 972K Apr 16 02:06 test_10ps_opt.xyz

Job completed at: 2026-04-16T07:48:26Z
==============================
