==============================
SO3LR Crambin NVT (CLI) - Job 8394089
Node: a1117u29n01.mghpcc.ycrc.yale.edu
Date: 2026-04-16T06:00:17Z
Partition: gpu_b200
GPU: NVIDIA B200
==============================
Python: /home/rag88/.conda/envs/env-so3lr/bin/python
Python version: Python 3.12.13
Thu Apr 16 02:00:18 2026       
+-----------------------------------------------------------------------------------------+
| NVIDIA-SMI 570.195.03             Driver Version: 570.195.03     CUDA Version: 12.8     |
|-----------------------------------------+------------------------+----------------------+
| GPU  Name                 Persistence-M | Bus-Id          Disp.A | Volatile Uncorr. ECC |
| Fan  Temp   Perf          Pwr:Usage/Cap |           Memory-Usage | GPU-Util  Compute M. |
|                                         |                        |               MIG M. |
|=========================================+========================+======================|
|   0  NVIDIA B200                    On  |   00000000:A3:00.0 Off |                    0 |
| N/A   22C    P0            137W / 1000W |       0MiB / 183359MiB |      0%      Default |
|                                         |                        |             Disabled |
+-----------------------------------------+------------------------+----------------------+
                                                                                         
+-----------------------------------------------------------------------------------------+
| Processes:                                                                              |
|  GPU   GI   CI              PID   Type   Process name                        GPU Memory |
|        ID   ID                                                               Usage      |
|=========================================================================================|
|  No running processes found                                                             |
+-----------------------------------------------------------------------------------------+

Input file: /home/rag88/projects/CompBioSummer2026/Execution/phases/phase-1/subphase-1.1/output/crambin_h_vacuum.xyz
ERROR: Cannot read input file
